  glad.c
  cube.cpp
  frustum.cpp
  glslprogram.cpp
  glutils.cpp
  grid.cpp
C:\Users\Ryan\Documents\GitHub\CW2_GLSL\Comp3015-CW1\helper\grid.cpp(9,26): warning C4101: 'z': unreferenced local variable
C:\Users\Ryan\Documents\GitHub\CW2_GLSL\Comp3015-CW1\helper\grid.cpp(9,13): warning C4101: 'x': unreferenced local variable
  noisetex.cpp
  objmesh.cpp
C:\Users\Ryan\Documents\GitHub\CW2_GLSL\Comp3015-CW1\helper\objmesh.cpp(188,43): warning C4267: '+=': conversion from 'size_t' to 'int', possible loss of data
C:\Users\Ryan\Documents\GitHub\CW2_GLSL\Comp3015-CW1\helper\objmesh.cpp(194,50): warning C4267: '+=': conversion from 'size_t' to 'int', possible loss of data
C:\Users\Ryan\Documents\GitHub\CW2_GLSL\Comp3015-CW1\helper\objmesh.cpp(198,45): warning C4267: '+=': conversion from 'size_t' to 'int', possible loss of data
  plane.cpp
  skybox.cpp
  sphere.cpp
  stb_image.cpp
  teapot.cpp
  texture.cpp
  torus.cpp
  trianglemesh.cpp
  main.cpp
  scenebasic_uniform.cpp
C:\Users\Ryan\Documents\GitHub\CW2_GLSL\Comp3015-CW1\scenebasic_uniform.cpp(279,24): warning C4244: 'initializing': conversion from 'double' to 'float', possible loss of data
  Generating Code...
  Project_Template.vcxproj -> C:\Users\Ryan\Documents\GitHub\CW2_GLSL\Comp3015-CW1\x64\Debug\Project_Template.exe
